# JRE version: Java(TM) SE Runtime Environment 18.9 (11.0.22+9) (build 11.0.22+9-LTS-219)
# Java VM: Java HotSpot(TM) 64-Bit Server VM 18.9 (11.0.22+9-LTS-219, mixed mode, tiered, compressed oops, g1 gc, windows-amd64)
Heap:
 garbage-first heap   total 262144K, used 67062K [0x00000006c1800000, 0x00000007c0000000)
  region size 1024K, 63 young (64512K), 6 survivors (6144K)
 Metaspace       used 29642K, capacity 30483K, committed 30640K, reserved 1075200K
  class space    used 3661K, capacity 4051K, committed 4096K, reserved 1048576K
GC Heap History (6 events):
Event: 0.634 GC heap before
{Heap before GC invocations=0 (full 0):
 garbage-first heap   total 262144K, used 23552K [0x00000006c1800000, 0x00000007c0000000)
  region size 1024K, 24 young (24576K), 0 survivors (0K)
 Metaspace       used 12632K, capacity 13027K, committed 13056K, reserved 1060864K
  class space    used 1349K, capacity 1517K, committed 1536K, reserved 1048576K
}
Event: 0.637 GC heap after
{Heap after GC invocations=1 (full 0):
 garbage-first heap   total 262144K, used 3223K [0x00000006c1800000, 0x00000007c0000000)
  region size 1024K, 3 young (3072K), 3 survivors (3072K)
 Metaspace       used 12632K, capacity 13027K, committed 13056K, reserved 1060864K
  class space    used 1349K, capacity 1517K, committed 1536K, reserved 1048576K
}
Event: 4.369 GC heap before
{Heap before GC invocations=1 (full 0):
 garbage-first heap   total 262144K, used 35991K [0x00000006c1800000, 0x00000007c0000000)
  region size 1024K, 34 young (34816K), 3 survivors (3072K)
 Metaspace       used 20468K, capacity 21096K, committed 21296K, reserved 1067008K
  class space    used 2525K, capacity 2817K, committed 2944K, reserved 1048576K
}
Event: 4.375 GC heap after
{Heap after GC invocations=2 (full 0):
 garbage-first heap   total 262144K, used 8632K [0x00000006c1800000, 0x00000007c0000000)
  region size 1024K, 7 young (7168K), 7 survivors (7168K)
 Metaspace       used 20468K, capacity 21096K, committed 21296K, reserved 1067008K
  class space    used 2525K, capacity 2817K, committed 2944K, reserved 1048576K
}
Event: 5.036 GC heap before
{Heap before GC invocations=3 (full 0):
 garbage-first heap   total 262144K, used 54712K [0x00000006c1800000, 0x00000007c0000000)
  region size 1024K, 53 young (54272K), 7 survivors (7168K)
 Metaspace       used 29361K, capacity 30187K, committed 30384K, reserved 1075200K
  class space    used 3648K, capacity 4040K, committed 4096K, reserved 1048576K
}
Event: 5.042 GC heap after
{Heap after GC invocations=4 (full 0):
 garbage-first heap   total 262144K, used 10742K [0x00000006c1800000, 0x00000007c0000000)
  region size 1024K, 6 young (6144K), 6 survivors (6144K)
 Metaspace       used 29361K, capacity 30187K, committed 30384K, reserved 1075200K
  class space    used 3648K, capacity 4040K, committed 4096K, reserved 1048576K
}

