# JRE version: Java(TM) SE Runtime Environment 18.9 (11.0.22+9) (build 11.0.22+9-LTS-219)
# Java VM: Java HotSpot(TM) 64-Bit Server VM 18.9 (11.0.22+9-LTS-219, mixed mode, tiered, compressed oops, g1 gc, windows-amd64)
Heap:
 garbage-first heap   total 262144K, used 12425K [0x00000006c1800000, 0x00000007c0000000)
  region size 1024K, 5 young (5120K), 3 survivors (3072K)
 Metaspace       used 29639K, capacity 30515K, committed 30640K, reserved 1075200K
  class space    used 3664K, capacity 4083K, committed 4096K, reserved 1048576K
GC Heap History (8 events):
Event: 0.642 GC heap before
{Heap before GC invocations=0 (full 0):
 garbage-first heap   total 262144K, used 23552K [0x00000006c1800000, 0x00000007c0000000)
  region size 1024K, 24 young (24576K), 0 survivors (0K)
 Metaspace       used 12907K, capacity 13251K, committed 13440K, reserved 1060864K
  class space    used 1402K, capacity 1549K, committed 1664K, reserved 1048576K
}
Event: 0.646 GC heap after
{Heap after GC invocations=1 (full 0):
 garbage-first heap   total 262144K, used 3618K [0x00000006c1800000, 0x00000007c0000000)
  region size 1024K, 3 young (3072K), 3 survivors (3072K)
 Metaspace       used 12907K, capacity 13251K, committed 13440K, reserved 1060864K
  class space    used 1402K, capacity 1549K, committed 1664K, reserved 1048576K
}
Event: 2.141 GC heap before
{Heap before GC invocations=1 (full 0):
 garbage-first heap   total 262144K, used 35362K [0x00000006c1800000, 0x00000007c0000000)
  region size 1024K, 33 young (33792K), 3 survivors (3072K)
 Metaspace       used 20478K, capacity 21128K, committed 21296K, reserved 1067008K
  class space    used 2540K, capacity 2849K, committed 2944K, reserved 1048576K
}
Event: 2.146 GC heap after
{Heap after GC invocations=2 (full 0):
 garbage-first heap   total 262144K, used 8544K [0x00000006c1800000, 0x00000007c0000000)
  region size 1024K, 6 young (6144K), 6 survivors (6144K)
 Metaspace       used 20478K, capacity 21128K, committed 21296K, reserved 1067008K
  class space    used 2540K, capacity 2849K, committed 2944K, reserved 1048576K
}
Event: 3.935 GC heap before
{Heap before GC invocations=3 (full 0):
 garbage-first heap   total 262144K, used 49504K [0x00000006c1800000, 0x00000007c0000000)
  region size 1024K, 46 young (47104K), 6 survivors (6144K)
 Metaspace       used 29359K, capacity 30187K, committed 30384K, reserved 1075200K
  class space    used 3650K, capacity 4040K, committed 4096K, reserved 1048576K
}
Event: 3.940 GC heap after
{Heap after GC invocations=4 (full 0):
 garbage-first heap   total 262144K, used 10861K [0x00000006c1800000, 0x00000007c0000000)
  region size 1024K, 2 young (2048K), 2 survivors (2048K)
 Metaspace       used 29359K, capacity 30187K, committed 30384K, reserved 1075200K
  class space    used 3650K, capacity 4040K, committed 4096K, reserved 1048576K
}
Event: 4.229 GC heap before
{Heap before GC invocations=4 (full 0):
 garbage-first heap   total 262144K, used 74349K [0x00000006c1800000, 0x00000007c0000000)
  region size 1024K, 65 young (66560K), 2 survivors (2048K)
 Metaspace       used 29561K, capacity 30395K, committed 30640K, reserved 1075200K
  class space    used 3657K, capacity 4043K, committed 4096K, reserved 1048576K
}
Event: 4.231 GC heap after
{Heap after GC invocations=5 (full 0):
 garbage-first heap   total 262144K, used 11401K [0x00000006c1800000, 0x00000007c0000000)
  region size 1024K, 3 young (3072K), 3 survivors (3072K)
 Metaspace       used 29561K, capacity 30395K, committed 30640K, reserved 1075200K
  class space    used 3657K, capacity 4043K, committed 4096K, reserved 1048576K
}

