# JRE version: Java(TM) SE Runtime Environment 18.9 (11.0.22+9) (build 11.0.22+9-LTS-219)
# Java VM: Java HotSpot(TM) 64-Bit Server VM 18.9 (11.0.22+9-LTS-219, mixed mode, tiered, compressed oops, g1 gc, windows-amd64)
Heap:
 garbage-first heap   total 262144K, used 67223K [0x00000006c1800000, 0x00000007c0000000)
  region size 1024K, 63 young (64512K), 6 survivors (6144K)
 Metaspace       used 29620K, capacity 30515K, committed 30640K, reserved 1075200K
  class space    used 3661K, capacity 4083K, committed 4096K, reserved 1048576K
GC Heap History (6 events):
Event: 0.643 GC heap before
{Heap before GC invocations=0 (full 0):
 garbage-first heap   total 262144K, used 23552K [0x00000006c1800000, 0x00000007c0000000)
  region size 1024K, 24 young (24576K), 0 survivors (0K)
 Metaspace       used 12720K, capacity 13091K, committed 13312K, reserved 1060864K
  class space    used 1363K, capacity 1517K, committed 1536K, reserved 1048576K
}
Event: 0.646 GC heap after
{Heap after GC invocations=1 (full 0):
 garbage-first heap   total 262144K, used 3188K [0x00000006c1800000, 0x00000007c0000000)
  region size 1024K, 3 young (3072K), 3 survivors (3072K)
 Metaspace       used 12720K, capacity 13091K, committed 13312K, reserved 1060864K
  class space    used 1363K, capacity 1517K, committed 1536K, reserved 1048576K
}
Event: 3.350 GC heap before
{Heap before GC invocations=1 (full 0):
 garbage-first heap   total 262144K, used 34932K [0x00000006c1800000, 0x00000007c0000000)
  region size 1024K, 33 young (33792K), 3 survivors (3072K)
 Metaspace       used 20530K, capacity 21128K, committed 21296K, reserved 1067008K
  class space    used 2540K, capacity 2849K, committed 2944K, reserved 1048576K
}
Event: 3.355 GC heap after
{Heap after GC invocations=2 (full 0):
 garbage-first heap   total 262144K, used 8562K [0x00000006c1800000, 0x00000007c0000000)
  region size 1024K, 7 young (7168K), 7 survivors (7168K)
 Metaspace       used 20530K, capacity 21128K, committed 21296K, reserved 1067008K
  class space    used 2540K, capacity 2849K, committed 2944K, reserved 1048576K
}
Event: 4.044 GC heap before
{Heap before GC invocations=3 (full 0):
 garbage-first heap   total 262144K, used 54642K [0x00000006c1800000, 0x00000007c0000000)
  region size 1024K, 53 young (54272K), 7 survivors (7168K)
 Metaspace       used 29332K, capacity 30187K, committed 30384K, reserved 1075200K
  class space    used 3648K, capacity 4040K, committed 4096K, reserved 1048576K
}
Event: 4.051 GC heap after
{Heap after GC invocations=4 (full 0):
 garbage-first heap   total 262144K, used 10903K [0x00000006c1800000, 0x00000007c0000000)
  region size 1024K, 6 young (6144K), 6 survivors (6144K)
 Metaspace       used 29332K, capacity 30187K, committed 30384K, reserved 1075200K
  class space    used 3648K, capacity 4040K, committed 4096K, reserved 1048576K
}

